<?xml version="1.0" encoding="UTF-8"?>
<!-- Generated by org.testng.reporters.JUnitReportReporter -->
<testsuite hostname="fod-PC" name="com.fod89.AppTest" tests="4" failures="0" timestamp="13 Oct 2019 04:15:29 GMT" time="8.297" errors="0">
  <testcase name="test" time="0.273" classname="com.fod89.AppTest"/>
  <testcase name="test" time="0.261" classname="com.fod89.AppTest"/>
  <testcase name="test" time="0.241" classname="com.fod89.AppTest"/>
  <testcase name="test" time="7.522" classname="com.fod89.AppTest"/>
</testsuite> <!-- com.fod89.AppTest -->
